<?xml version="1.0" encoding="UTF-8"?>
<testng-results ignored="0" total="1" passed="1" failed="0" skipped="0">
  <reporter-output>
  </reporter-output>
  <suite started-at="2022-09-16T17:28:26 IST" name="Default suite" finished-at="2022-09-16T17:28:37 IST" duration-ms="10180">
    <groups>
    </groups>
    <test started-at="2022-09-16T17:28:26 IST" name="Default test" finished-at="2022-09-16T17:28:37 IST" duration-ms="10180">
      <class name="bharath9626.ExtentReport.ExtentReoportdemo">
        <test-method is-config="true" signature="config()[pri:0, instance:bharath9626.ExtentReport.ExtentReoportdemo@223d2c72]" started-at="2022-09-16T17:28:26 IST" name="config" finished-at="2022-09-16T17:28:27 IST" duration-ms="275" status="PASS">
          <reporter-output>
          </reporter-output>
        </test-method> <!-- config -->
        <test-method signature="initialDemo()[pri:0, instance:bharath9626.ExtentReport.ExtentReoportdemo@223d2c72]" started-at="2022-09-16T17:28:27 IST" name="initialDemo" finished-at="2022-09-16T17:28:37 IST" duration-ms="9859" status="PASS">
          <reporter-output>
          </reporter-output>
        </test-method> <!-- initialDemo -->
      </class> <!-- bharath9626.ExtentReport.ExtentReoportdemo -->
    </test> <!-- Default test -->
  </suite> <!-- Default suite -->
</testng-results>
